<?xml version="1.0" encoding="UTF-8"?>
<!-- Generated by org.testng.reporters.JUnitXMLReporter -->
<testsuite ignored="2" hostname="LAPTOP-PSK043T1" failures="0" tests="2" name="Chaos" time="1.477" errors="0" timestamp="2024-08-26T22:18:59 CST">
  <testcase classname="page.test.chaos.ValidateUserCantLoginInvalidUsername" name="@AfterMethod closeBrowser" time="0.023">
    <failure type="java.lang.AssertionError" message="expected [true] but found [false]">
      <![CDATA[java.lang.AssertionError: expected [true] but found [false]
at page.test.chaos.ValidateUserCantLoginInvalidUsername.closeBrowser(ValidateUserCantLoginInvalidUsername.java:34)
at java.base/java.util.ArrayList.forEach(ArrayList.java:1511)
... Removed 39 stack frames]]>
    </failure>
  </testcase> <!-- @AfterMethod closeBrowser -->
  <testcase classname="page.test.chaos.ValidateUserCanLoginSuccessfully" name="@BeforeMethod navigateToLoginPage" time="0.001">
    <failure type="java.lang.NullPointerException" message="Cannot invoke &amp;quot;org.openqa.selenium.WebDriver.get(String)&amp;quot; because &amp;quot;this.driver&amp;quot; is null">
      <![CDATA[java.lang.NullPointerException: Cannot invoke "org.openqa.selenium.WebDriver.get(String)" because "this.driver" is null
at page.object.LoginPage.navigate(LoginPage.java:39)
at page.test.chaos.ValidateUserCanLoginSuccessfully.navigateToLoginPage(ValidateUserCanLoginSuccessfully.java:21)
at java.base/java.util.ArrayList.forEach(ArrayList.java:1511)
... Removed 31 stack frames]]>
    </failure>
  </testcase> <!-- @BeforeMethod navigateToLoginPage -->
  <testcase classname="page.test.chaos.ValidateUserCanLoginSuccessfully" name="@AfterMethod closeBrowser" time="0.0">
    <skipped/>
  </testcase> <!-- @AfterMethod closeBrowser -->
  <testcase classname="page.util.BaseTest" name="@AfterTest test" time="0.0">
    <skipped/>
  </testcase> <!-- @AfterTest test -->
  <testcase classname="page.test.chaos.ValidateUserCantLoginInvalidUsername" name="validateUserCanLoginSuccessfully" time="0.149"/>
  <testcase classname="page.test.chaos.ValidateUserCanLoginSuccessfully" name="validateUserCanLoginSuccessfully" time="0.0">
    <skipped/>
  </testcase> <!-- validateUserCanLoginSuccessfully -->
  <testcase classname="page.util.BaseTest" name="@AfterTest test" time="0.0">
    <ignored/>
  </testcase> <!-- @AfterTest test -->
  <testcase classname="page.util.BaseTest" name="@BeforeTest f" time="0.0">
    <ignored/>
  </testcase> <!-- @BeforeTest f -->
</testsuite> <!-- Chaos -->
